<?xml version="1.0" encoding="UTF-8"?>
<testng-results skipped="0" failed="0" total="2" passed="2">
  <reporter-output>
  </reporter-output>
  <suite name="First Suite" duration-ms="126" started-at="2016-04-18T20:52:56Z" finished-at="2016-04-18T20:52:56Z">
    <groups>
    </groups>
    <test name="New Test NG" duration-ms="57" started-at="2016-04-18T20:52:56Z" finished-at="2016-04-18T20:52:56Z">
      <class name="packNg.NewTestNG">
        <test-method status="PASS" signature="beforeTest()[pri:0, instance:packNg.NewTestNG@5afa04c]" name="beforeTest" is-config="true" duration-ms="0" started-at="2016-04-18T16:52:56Z" finished-at="2016-04-18T16:52:56Z">
          <reporter-output>
          </reporter-output>
        </test-method> <!-- beforeTest -->
        <test-method status="PASS" signature="beforeClass()[pri:0, instance:packNg.NewTestNG@5afa04c]" name="beforeClass" is-config="true" duration-ms="0" started-at="2016-04-18T16:52:56Z" finished-at="2016-04-18T16:52:56Z">
          <reporter-output>
          </reporter-output>
        </test-method> <!-- beforeClass -->
        <test-method status="PASS" signature="beforeMethod()[pri:0, instance:packNg.NewTestNG@5afa04c]" name="beforeMethod" is-config="true" duration-ms="2" started-at="2016-04-18T16:52:56Z" finished-at="2016-04-18T16:52:56Z">
          <reporter-output>
          </reporter-output>
        </test-method> <!-- beforeMethod -->
        <test-method status="PASS" signature="f()[pri:0, instance:packNg.NewTestNG@5afa04c]" name="f" duration-ms="9" started-at="2016-04-18T16:52:56Z" finished-at="2016-04-18T16:52:56Z">
          <reporter-output>
          </reporter-output>
        </test-method> <!-- f -->
        <test-method status="PASS" signature="afterMethod()[pri:0, instance:packNg.NewTestNG@5afa04c]" name="afterMethod" is-config="true" duration-ms="0" started-at="2016-04-18T16:52:56Z" finished-at="2016-04-18T16:52:56Z">
          <reporter-output>
          </reporter-output>
        </test-method> <!-- afterMethod -->
        <test-method status="PASS" signature="afterClass()[pri:0, instance:packNg.NewTestNG@5afa04c]" name="afterClass" is-config="true" duration-ms="0" started-at="2016-04-18T16:52:56Z" finished-at="2016-04-18T16:52:56Z">
          <reporter-output>
          </reporter-output>
        </test-method> <!-- afterClass -->
        <test-method status="PASS" signature="afterTest()[pri:0, instance:packNg.NewTestNG@5afa04c]" name="afterTest" is-config="true" duration-ms="0" started-at="2016-04-18T16:52:56Z" finished-at="2016-04-18T16:52:56Z">
          <reporter-output>
          </reporter-output>
        </test-method> <!-- afterTest -->
      </class> <!-- packNg.NewTestNG -->
    </test> <!-- New Test NG -->
    <test name="Second Test NG" duration-ms="12" started-at="2016-04-18T20:52:56Z" finished-at="2016-04-18T20:52:56Z">
      <class name="packNg.NewTestNG">
        <test-method status="PASS" signature="beforeSuite()[pri:0, instance:packNg.NewTestNG@5afa04c]" name="beforeSuite" is-config="true" duration-ms="16" started-at="2016-04-18T16:52:56Z" finished-at="2016-04-18T16:52:56Z">
          <reporter-output>
          </reporter-output>
        </test-method> <!-- beforeSuite -->
        <test-method status="PASS" signature="beforeSuite()[pri:0, instance:packNg.TestNG_2@3a82f6ef]" name="beforeSuite" is-config="true" duration-ms="0" started-at="2016-04-18T16:52:56Z" finished-at="2016-04-18T16:52:56Z">
          <reporter-output>
          </reporter-output>
        </test-method> <!-- beforeSuite -->
        <test-method status="PASS" signature="afterSuite()[pri:0, instance:packNg.NewTestNG@5afa04c]" name="afterSuite" is-config="true" duration-ms="0" started-at="2016-04-18T16:52:56Z" finished-at="2016-04-18T16:52:56Z">
          <reporter-output>
          </reporter-output>
        </test-method> <!-- afterSuite -->
        <test-method status="PASS" signature="afterSuite()[pri:0, instance:packNg.TestNG_2@3a82f6ef]" name="afterSuite" is-config="true" duration-ms="0" started-at="2016-04-18T16:52:56Z" finished-at="2016-04-18T16:52:56Z">
          <reporter-output>
          </reporter-output>
        </test-method> <!-- afterSuite -->
      </class> <!-- packNg.NewTestNG -->
      <class name="packNg.TestNG_2">
        <test-method status="PASS" signature="beforeTest()[pri:0, instance:packNg.TestNG_2@3a82f6ef]" name="beforeTest" is-config="true" duration-ms="1" started-at="2016-04-18T16:52:56Z" finished-at="2016-04-18T16:52:56Z">
          <reporter-output>
          </reporter-output>
        </test-method> <!-- beforeTest -->
        <test-method status="PASS" signature="beforeClass()[pri:0, instance:packNg.TestNG_2@3a82f6ef]" name="beforeClass" is-config="true" duration-ms="0" started-at="2016-04-18T16:52:56Z" finished-at="2016-04-18T16:52:56Z">
          <reporter-output>
          </reporter-output>
        </test-method> <!-- beforeClass -->
        <test-method status="PASS" signature="beforeMethod()[pri:0, instance:packNg.TestNG_2@3a82f6ef]" name="beforeMethod" is-config="true" duration-ms="1" started-at="2016-04-18T16:52:56Z" finished-at="2016-04-18T16:52:56Z">
          <reporter-output>
          </reporter-output>
        </test-method> <!-- beforeMethod -->
        <test-method status="PASS" signature="f()[pri:0, instance:packNg.TestNG_2@3a82f6ef]" name="f" duration-ms="3" started-at="2016-04-18T16:52:56Z" finished-at="2016-04-18T16:52:56Z">
          <reporter-output>
          </reporter-output>
        </test-method> <!-- f -->
        <test-method status="PASS" signature="afterClass()[pri:0, instance:packNg.TestNG_2@3a82f6ef]" name="afterClass" is-config="true" duration-ms="1" started-at="2016-04-18T16:52:56Z" finished-at="2016-04-18T16:52:56Z">
          <reporter-output>
          </reporter-output>
        </test-method> <!-- afterClass -->
        <test-method status="PASS" signature="afterMethod()[pri:0, instance:packNg.TestNG_2@3a82f6ef]" name="afterMethod" is-config="true" duration-ms="0" started-at="2016-04-18T16:52:56Z" finished-at="2016-04-18T16:52:56Z">
          <reporter-output>
          </reporter-output>
        </test-method> <!-- afterMethod -->
        <test-method status="PASS" signature="afterTest()[pri:0, instance:packNg.TestNG_2@3a82f6ef]" name="afterTest" is-config="true" duration-ms="0" started-at="2016-04-18T16:52:56Z" finished-at="2016-04-18T16:52:56Z">
          <reporter-output>
          </reporter-output>
        </test-method> <!-- afterTest -->
      </class> <!-- packNg.TestNG_2 -->
    </test> <!-- Second Test NG -->
  </suite> <!-- First Suite -->
</testng-results>
