<?xml version="1.0" encoding="UTF-8"?>
<testng-results skipped="0" failed="0" total="2" passed="2">
  <reporter-output>
  </reporter-output>
  <suite name="First Suite" duration-ms="5513" started-at="2016-04-20T16:54:30Z" finished-at="2016-04-20T16:54:36Z">
    <groups>
    </groups>
    <test name="New Test NG" duration-ms="5480" started-at="2016-04-20T16:54:30Z" finished-at="2016-04-20T16:54:36Z">
      <class name="packNg.NewTestNG">
        <test-method status="PASS" signature="beforeTest()[pri:0, instance:packNg.NewTestNG@2752f6e2]" name="beforeTest" is-config="true" duration-ms="1" started-at="2016-04-20T12:54:30Z" finished-at="2016-04-20T12:54:30Z">
          <reporter-output>
          </reporter-output>
        </test-method> <!-- beforeTest -->
        <test-method status="PASS" signature="beforeClass()[pri:0, instance:packNg.NewTestNG@2752f6e2]" name="beforeClass" is-config="true" duration-ms="0" started-at="2016-04-20T12:54:30Z" finished-at="2016-04-20T12:54:30Z">
          <reporter-output>
          </reporter-output>
        </test-method> <!-- beforeClass -->
        <test-method status="PASS" signature="beforeMethod()[pri:0, instance:packNg.NewTestNG@2752f6e2]" name="beforeMethod" is-config="true" duration-ms="0" started-at="2016-04-20T12:54:30Z" finished-at="2016-04-20T12:54:30Z">
          <reporter-output>
          </reporter-output>
        </test-method> <!-- beforeMethod -->
        <test-method status="PASS" signature="f()[pri:0, instance:packNg.NewTestNG@2752f6e2]" name="f" duration-ms="1" started-at="2016-04-20T12:54:30Z" finished-at="2016-04-20T12:54:30Z">
          <reporter-output>
          </reporter-output>
        </test-method> <!-- f -->
        <test-method status="PASS" signature="afterMethod()[pri:0, instance:packNg.NewTestNG@2752f6e2]" name="afterMethod" is-config="true" duration-ms="0" started-at="2016-04-20T12:54:30Z" finished-at="2016-04-20T12:54:30Z">
          <reporter-output>
          </reporter-output>
        </test-method> <!-- afterMethod -->
        <test-method status="PASS" signature="afterClass()[pri:0, instance:packNg.NewTestNG@2752f6e2]" name="afterClass" is-config="true" duration-ms="5470" started-at="2016-04-20T12:54:30Z" finished-at="2016-04-20T12:54:36Z">
          <reporter-output>
          </reporter-output>
        </test-method> <!-- afterClass -->
        <test-method status="PASS" signature="afterTest()[pri:0, instance:packNg.NewTestNG@2752f6e2]" name="afterTest" is-config="true" duration-ms="0" started-at="2016-04-20T12:54:36Z" finished-at="2016-04-20T12:54:36Z">
          <reporter-output>
          </reporter-output>
        </test-method> <!-- afterTest -->
      </class> <!-- packNg.NewTestNG -->
    </test> <!-- New Test NG -->
    <test name="Second Test NG" duration-ms="1" started-at="2016-04-20T16:54:36Z" finished-at="2016-04-20T16:54:36Z">
      <class name="packNg.NewTestNG">
        <test-method status="PASS" signature="beforeSuite()[pri:0, instance:packNg.NewTestNG@2752f6e2]" name="beforeSuite" is-config="true" duration-ms="10" started-at="2016-04-20T12:54:30Z" finished-at="2016-04-20T12:54:30Z">
          <reporter-output>
          </reporter-output>
        </test-method> <!-- beforeSuite -->
        <test-method status="PASS" signature="beforeSuite()[pri:0, instance:packNg.TestNG_2@6fadae5d]" name="beforeSuite" is-config="true" duration-ms="0" started-at="2016-04-20T12:54:30Z" finished-at="2016-04-20T12:54:30Z">
          <reporter-output>
          </reporter-output>
        </test-method> <!-- beforeSuite -->
        <test-method status="PASS" signature="afterSuite()[pri:0, instance:packNg.TestNG_2@6fadae5d]" name="afterSuite" is-config="true" duration-ms="0" started-at="2016-04-20T12:54:36Z" finished-at="2016-04-20T12:54:36Z">
          <reporter-output>
          </reporter-output>
        </test-method> <!-- afterSuite -->
        <test-method status="PASS" signature="afterSuite()[pri:0, instance:packNg.NewTestNG@2752f6e2]" name="afterSuite" is-config="true" duration-ms="0" started-at="2016-04-20T12:54:36Z" finished-at="2016-04-20T12:54:36Z">
          <reporter-output>
          </reporter-output>
        </test-method> <!-- afterSuite -->
      </class> <!-- packNg.NewTestNG -->
      <class name="packNg.TestNG_2">
        <test-method status="PASS" signature="beforeTest()[pri:0, instance:packNg.TestNG_2@6fadae5d]" name="beforeTest" is-config="true" duration-ms="0" started-at="2016-04-20T12:54:36Z" finished-at="2016-04-20T12:54:36Z">
          <reporter-output>
          </reporter-output>
        </test-method> <!-- beforeTest -->
        <test-method status="PASS" signature="beforeMethod()[pri:0, instance:packNg.TestNG_2@6fadae5d]" name="beforeMethod" is-config="true" duration-ms="0" started-at="2016-04-20T12:54:36Z" finished-at="2016-04-20T12:54:36Z">
          <reporter-output>
          </reporter-output>
        </test-method> <!-- beforeMethod -->
        <test-method status="PASS" signature="f()[pri:0, instance:packNg.TestNG_2@6fadae5d]" name="f" duration-ms="1" started-at="2016-04-20T12:54:36Z" finished-at="2016-04-20T12:54:36Z">
          <reporter-output>
          </reporter-output>
        </test-method> <!-- f -->
        <test-method status="PASS" signature="beforeClass()[pri:0, instance:packNg.TestNG_2@6fadae5d]" name="beforeClass" is-config="true" duration-ms="0" started-at="2016-04-20T12:54:36Z" finished-at="2016-04-20T12:54:36Z">
          <reporter-output>
          </reporter-output>
        </test-method> <!-- beforeClass -->
        <test-method status="PASS" signature="afterClass()[pri:0, instance:packNg.TestNG_2@6fadae5d]" name="afterClass" is-config="true" duration-ms="0" started-at="2016-04-20T12:54:36Z" finished-at="2016-04-20T12:54:36Z">
          <reporter-output>
          </reporter-output>
        </test-method> <!-- afterClass -->
        <test-method status="PASS" signature="afterMethod()[pri:0, instance:packNg.TestNG_2@6fadae5d]" name="afterMethod" is-config="true" duration-ms="0" started-at="2016-04-20T12:54:36Z" finished-at="2016-04-20T12:54:36Z">
          <reporter-output>
          </reporter-output>
        </test-method> <!-- afterMethod -->
        <test-method status="PASS" signature="afterTest()[pri:0, instance:packNg.TestNG_2@6fadae5d]" name="afterTest" is-config="true" duration-ms="0" started-at="2016-04-20T12:54:36Z" finished-at="2016-04-20T12:54:36Z">
          <reporter-output>
          </reporter-output>
        </test-method> <!-- afterTest -->
      </class> <!-- packNg.TestNG_2 -->
    </test> <!-- Second Test NG -->
  </suite> <!-- First Suite -->
</testng-results>
